<?xml version="1.0" encoding="UTF-8"?>
<testsuite xmlns:xsi="http://www.w3.org/2001/XMLSchema-instance" xsi:noNamespaceSchemaLocation="https://maven.apache.org/surefire/maven-surefire-plugin/xsd/surefire-test-report.xsd" name="com.example.demo.ToraApplicationTests" time="8.189" tests="1" errors="0" skipped="0" failures="0">
  <properties>
    <property name="awt.toolkit" value="sun.lwawt.macosx.LWCToolkit"/>
    <property name="java.specification.version" value="12"/>
    <property name="sun.jnu.encoding" value="UTF-8"/>
    <property name="java.class.path" value="/Users/jeter/Documents/university/碩一/上/實驗室/biomedical_system/tora/target/test-classes:/Users/jeter/Documents/university/碩一/上/實驗室/biomedical_system/tora/target/classes:/Users/jeter/.m2/repository/org/springframework/boot/spring-boot-starter-data-rest/2.4.2/spring-boot-starter-data-rest-2.4.2.jar:/Users/jeter/.m2/repository/org/springframework/boot/spring-boot-starter-web/2.4.2/spring-boot-starter-web-2.4.2.jar:/Users/jeter/.m2/repository/org/springframework/boot/spring-boot-starter-tomcat/2.4.2/spring-boot-starter-tomcat-2.4.2.jar:/Users/jeter/.m2/repository/org/apache/tomcat/embed/tomcat-embed-core/9.0.41/tomcat-embed-core-9.0.41.jar:/Users/jeter/.m2/repository/org/glassfish/jakarta.el/3.0.3/jakarta.el-3.0.3.jar:/Users/jeter/.m2/repository/org/apache/tomcat/embed/tomcat-embed-websocket/9.0.41/tomcat-embed-websocket-9.0.41.jar:/Users/jeter/.m2/repository/org/springframework/spring-webmvc/5.3.3/spring-webmvc-5.3.3.jar:/Users/jeter/.m2/repository/org/springframework/data/spring-data-rest-webmvc/3.4.3/spring-data-rest-webmvc-3.4.3.jar:/Users/jeter/.m2/repository/org/springframework/data/spring-data-rest-core/3.4.3/spring-data-rest-core-3.4.3.jar:/Users/jeter/.m2/repository/org/springframework/hateoas/spring-hateoas/1.2.3/spring-hateoas-1.2.3.jar:/Users/jeter/.m2/repository/org/springframework/plugin/spring-plugin-core/2.0.0.RELEASE/spring-plugin-core-2.0.0.RELEASE.jar:/Users/jeter/.m2/repository/org/atteo/evo-inflector/1.2.2/evo-inflector-1.2.2.jar:/Users/jeter/.m2/repository/com/fasterxml/jackson/core/jackson-databind/2.11.4/jackson-databind-2.11.4.jar:/Users/jeter/.m2/repository/com/fasterxml/jackson/core/jackson-core/2.11.4/jackson-core-2.11.4.jar:/Users/jeter/.m2/repository/com/fasterxml/jackson/core/jackson-annotations/2.11.4/jackson-annotations-2.11.4.jar:/Users/jeter/.m2/repository/org/springframework/boot/spring-boot-starter-web-services/2.4.2/spring-boot-starter-web-services-2.4.2.jar:/Users/jeter/.m2/repository/com/sun/xml/messaging/saaj/saaj-impl/1.5.2/saaj-impl-1.5.2.jar:/Users/jeter/.m2/repository/jakarta/xml/soap/jakarta.xml.soap-api/1.4.2/jakarta.xml.soap-api-1.4.2.jar:/Users/jeter/.m2/repository/org/jvnet/staxex/stax-ex/1.8.3/stax-ex-1.8.3.jar:/Users/jeter/.m2/repository/com/sun/activation/jakarta.activation/1.2.2/jakarta.activation-1.2.2.jar:/Users/jeter/.m2/repository/jakarta/xml/ws/jakarta.xml.ws-api/2.3.3/jakarta.xml.ws-api-2.3.3.jar:/Users/jeter/.m2/repository/jakarta/jws/jakarta.jws-api/2.1.0/jakarta.jws-api-2.1.0.jar:/Users/jeter/.m2/repository/org/springframework/spring-oxm/5.3.3/spring-oxm-5.3.3.jar:/Users/jeter/.m2/repository/org/springframework/spring-beans/5.3.3/spring-beans-5.3.3.jar:/Users/jeter/.m2/repository/org/springframework/ws/spring-ws-core/3.0.10.RELEASE/spring-ws-core-3.0.10.RELEASE.jar:/Users/jeter/.m2/repository/org/springframework/ws/spring-xml/3.0.10.RELEASE/spring-xml-3.0.10.RELEASE.jar:/Users/jeter/.m2/repository/org/springframework/spring-aop/5.3.3/spring-aop-5.3.3.jar:/Users/jeter/.m2/repository/org/springframework/boot/spring-boot-starter-webflux/2.4.2/spring-boot-starter-webflux-2.4.2.jar:/Users/jeter/.m2/repository/org/springframework/boot/spring-boot-starter/2.4.2/spring-boot-starter-2.4.2.jar:/Users/jeter/.m2/repository/org/springframework/boot/spring-boot/2.4.2/spring-boot-2.4.2.jar:/Users/jeter/.m2/repository/org/springframework/boot/spring-boot-autoconfigure/2.4.2/spring-boot-autoconfigure-2.4.2.jar:/Users/jeter/.m2/repository/org/springframework/boot/spring-boot-starter-logging/2.4.2/spring-boot-starter-logging-2.4.2.jar:/Users/jeter/.m2/repository/ch/qos/logback/logback-classic/1.2.3/logback-classic-1.2.3.jar:/Users/jeter/.m2/repository/ch/qos/logback/logback-core/1.2.3/logback-core-1.2.3.jar:/Users/jeter/.m2/repository/org/apache/logging/log4j/log4j-to-slf4j/2.13.3/log4j-to-slf4j-2.13.3.jar:/Users/jeter/.m2/repository/org/apache/logging/log4j/log4j-api/2.13.3/log4j-api-2.13.3.jar:/Users/jeter/.m2/repository/org/slf4j/jul-to-slf4j/1.7.30/jul-to-slf4j-1.7.30.jar:/Users/jeter/.m2/repository/jakarta/annotation/jakarta.annotation-api/1.3.5/jakarta.annotation-api-1.3.5.jar:/Users/jeter/.m2/repository/org/yaml/snakeyaml/1.27/snakeyaml-1.27.jar:/Users/jeter/.m2/repository/org/springframework/boot/spring-boot-starter-json/2.4.2/spring-boot-starter-json-2.4.2.jar:/Users/jeter/.m2/repository/com/fasterxml/jackson/datatype/jackson-datatype-jdk8/2.11.4/jackson-datatype-jdk8-2.11.4.jar:/Users/jeter/.m2/repository/com/fasterxml/jackson/datatype/jackson-datatype-jsr310/2.11.4/jackson-datatype-jsr310-2.11.4.jar:/Users/jeter/.m2/repository/com/fasterxml/jackson/module/jackson-module-parameter-names/2.11.4/jackson-module-parameter-names-2.11.4.jar:/Users/jeter/.m2/repository/org/springframework/boot/spring-boot-starter-reactor-netty/2.4.2/spring-boot-starter-reactor-netty-2.4.2.jar:/Users/jeter/.m2/repository/io/projectreactor/netty/reactor-netty-http/1.0.3/reactor-netty-http-1.0.3.jar:/Users/jeter/.m2/repository/io/netty/netty-codec-http/4.1.58.Final/netty-codec-http-4.1.58.Final.jar:/Users/jeter/.m2/repository/io/netty/netty-common/4.1.58.Final/netty-common-4.1.58.Final.jar:/Users/jeter/.m2/repository/io/netty/netty-buffer/4.1.58.Final/netty-buffer-4.1.58.Final.jar:/Users/jeter/.m2/repository/io/netty/netty-transport/4.1.58.Final/netty-transport-4.1.58.Final.jar:/Users/jeter/.m2/repository/io/netty/netty-codec/4.1.58.Final/netty-codec-4.1.58.Final.jar:/Users/jeter/.m2/repository/io/netty/netty-handler/4.1.58.Final/netty-handler-4.1.58.Final.jar:/Users/jeter/.m2/repository/io/netty/netty-codec-http2/4.1.58.Final/netty-codec-http2-4.1.58.Final.jar:/Users/jeter/.m2/repository/io/netty/netty-resolver-dns/4.1.58.Final/netty-resolver-dns-4.1.58.Final.jar:/Users/jeter/.m2/repository/io/netty/netty-resolver/4.1.58.Final/netty-resolver-4.1.58.Final.jar:/Users/jeter/.m2/repository/io/netty/netty-codec-dns/4.1.58.Final/netty-codec-dns-4.1.58.Final.jar:/Users/jeter/.m2/repository/io/netty/netty-resolver-dns-native-macos/4.1.58.Final/netty-resolver-dns-native-macos-4.1.58.Final-osx-x86_64.jar:/Users/jeter/.m2/repository/io/netty/netty-transport-native-unix-common/4.1.58.Final/netty-transport-native-unix-common-4.1.58.Final.jar:/Users/jeter/.m2/repository/io/netty/netty-transport-native-epoll/4.1.58.Final/netty-transport-native-epoll-4.1.58.Final-linux-x86_64.jar:/Users/jeter/.m2/repository/io/projectreactor/netty/reactor-netty-core/1.0.3/reactor-netty-core-1.0.3.jar:/Users/jeter/.m2/repository/io/netty/netty-handler-proxy/4.1.58.Final/netty-handler-proxy-4.1.58.Final.jar:/Users/jeter/.m2/repository/io/netty/netty-codec-socks/4.1.58.Final/netty-codec-socks-4.1.58.Final.jar:/Users/jeter/.m2/repository/org/springframework/spring-web/5.3.3/spring-web-5.3.3.jar:/Users/jeter/.m2/repository/org/springframework/spring-webflux/5.3.3/spring-webflux-5.3.3.jar:/Users/jeter/.m2/repository/org/projectlombok/lombok/1.18.16/lombok-1.18.16.jar:/Users/jeter/.m2/repository/org/springframework/boot/spring-boot-starter-test/2.4.2/spring-boot-starter-test-2.4.2.jar:/Users/jeter/.m2/repository/org/springframework/boot/spring-boot-test/2.4.2/spring-boot-test-2.4.2.jar:/Users/jeter/.m2/repository/org/springframework/boot/spring-boot-test-autoconfigure/2.4.2/spring-boot-test-autoconfigure-2.4.2.jar:/Users/jeter/.m2/repository/com/jayway/jsonpath/json-path/2.4.0/json-path-2.4.0.jar:/Users/jeter/.m2/repository/net/minidev/json-smart/2.3/json-smart-2.3.jar:/Users/jeter/.m2/repository/net/minidev/accessors-smart/1.2/accessors-smart-1.2.jar:/Users/jeter/.m2/repository/org/ow2/asm/asm/5.0.4/asm-5.0.4.jar:/Users/jeter/.m2/repository/jakarta/xml/bind/jakarta.xml.bind-api/2.3.3/jakarta.xml.bind-api-2.3.3.jar:/Users/jeter/.m2/repository/org/assertj/assertj-core/3.18.1/assertj-core-3.18.1.jar:/Users/jeter/.m2/repository/org/hamcrest/hamcrest/2.2/hamcrest-2.2.jar:/Users/jeter/.m2/repository/org/junit/jupiter/junit-jupiter/5.7.0/junit-jupiter-5.7.0.jar:/Users/jeter/.m2/repository/org/junit/jupiter/junit-jupiter-api/5.7.0/junit-jupiter-api-5.7.0.jar:/Users/jeter/.m2/repository/org/apiguardian/apiguardian-api/1.1.0/apiguardian-api-1.1.0.jar:/Users/jeter/.m2/repository/org/opentest4j/opentest4j/1.2.0/opentest4j-1.2.0.jar:/Users/jeter/.m2/repository/org/junit/platform/junit-platform-commons/1.7.0/junit-platform-commons-1.7.0.jar:/Users/jeter/.m2/repository/org/junit/jupiter/junit-jupiter-params/5.7.0/junit-jupiter-params-5.7.0.jar:/Users/jeter/.m2/repository/org/junit/jupiter/junit-jupiter-engine/5.7.0/junit-jupiter-engine-5.7.0.jar:/Users/jeter/.m2/repository/org/junit/platform/junit-platform-engine/1.7.0/junit-platform-engine-1.7.0.jar:/Users/jeter/.m2/repository/org/mockito/mockito-core/3.6.28/mockito-core-3.6.28.jar:/Users/jeter/.m2/repository/net/bytebuddy/byte-buddy/1.10.19/byte-buddy-1.10.19.jar:/Users/jeter/.m2/repository/net/bytebuddy/byte-buddy-agent/1.10.19/byte-buddy-agent-1.10.19.jar:/Users/jeter/.m2/repository/org/objenesis/objenesis/3.1/objenesis-3.1.jar:/Users/jeter/.m2/repository/org/mockito/mockito-junit-jupiter/3.6.28/mockito-junit-jupiter-3.6.28.jar:/Users/jeter/.m2/repository/org/skyscreamer/jsonassert/1.5.0/jsonassert-1.5.0.jar:/Users/jeter/.m2/repository/com/vaadin/external/google/android-json/0.0.20131108.vaadin1/android-json-0.0.20131108.vaadin1.jar:/Users/jeter/.m2/repository/org/springframework/spring-core/5.3.3/spring-core-5.3.3.jar:/Users/jeter/.m2/repository/org/springframework/spring-jcl/5.3.3/spring-jcl-5.3.3.jar:/Users/jeter/.m2/repository/org/springframework/spring-test/5.3.3/spring-test-5.3.3.jar:/Users/jeter/.m2/repository/org/xmlunit/xmlunit-core/2.7.0/xmlunit-core-2.7.0.jar:/Users/jeter/.m2/repository/io/projectreactor/reactor-test/3.4.2/reactor-test-3.4.2.jar:/Users/jeter/.m2/repository/io/projectreactor/reactor-core/3.4.2/reactor-core-3.4.2.jar:/Users/jeter/.m2/repository/org/reactivestreams/reactive-streams/1.0.3/reactive-streams-1.0.3.jar:/Users/jeter/.m2/repository/org/springframework/boot/spring-boot-starter-data-mongodb/2.4.2/spring-boot-starter-data-mongodb-2.4.2.jar:/Users/jeter/.m2/repository/org/mongodb/mongodb-driver-sync/4.1.1/mongodb-driver-sync-4.1.1.jar:/Users/jeter/.m2/repository/org/mongodb/bson/4.1.1/bson-4.1.1.jar:/Users/jeter/.m2/repository/org/mongodb/mongodb-driver-core/4.1.1/mongodb-driver-core-4.1.1.jar:/Users/jeter/.m2/repository/org/springframework/data/spring-data-mongodb/3.1.3/spring-data-mongodb-3.1.3.jar:/Users/jeter/.m2/repository/org/springframework/spring-tx/5.3.3/spring-tx-5.3.3.jar:/Users/jeter/.m2/repository/org/springframework/spring-context/5.3.3/spring-context-5.3.3.jar:/Users/jeter/.m2/repository/org/springframework/spring-expression/5.3.3/spring-expression-5.3.3.jar:/Users/jeter/.m2/repository/org/springframework/data/spring-data-commons/2.4.3/spring-data-commons-2.4.3.jar:/Users/jeter/.m2/repository/com/zaxxer/HikariCP-java6/2.2.5/HikariCP-java6-2.2.5.jar:/Users/jeter/.m2/repository/org/javassist/javassist/3.18.1-GA/javassist-3.18.1-GA.jar:/Users/jeter/.m2/repository/commons-dbutils/commons-dbutils/1.7/commons-dbutils-1.7.jar:/Users/jeter/.m2/repository/com/google/guava/guava/12.0.1/guava-12.0.1.jar:/Users/jeter/.m2/repository/com/google/code/findbugs/jsr305/1.3.9/jsr305-1.3.9.jar:/Users/jeter/.m2/repository/nz/ac/waikato/cms/weka/weka-stable/3.8.1/weka-stable-3.8.1.jar:/Users/jeter/.m2/repository/nz/ac/waikato/cms/weka/thirdparty/java-cup-11b/2015.03.26/java-cup-11b-2015.03.26.jar:/Users/jeter/.m2/repository/nz/ac/waikato/cms/weka/thirdparty/java-cup-11b-runtime/2015.03.26/java-cup-11b-runtime-2015.03.26.jar:/Users/jeter/.m2/repository/nz/ac/waikato/cms/weka/thirdparty/bounce/0.18/bounce-0.18.jar:/Users/jeter/.m2/repository/com/googlecode/matrix-toolkits-java/mtj/1.0.4/mtj-1.0.4.jar:/Users/jeter/.m2/repository/com/github/fommil/netlib/netlib-native_ref-osx-x86_64/1.1/netlib-native_ref-osx-x86_64-1.1-natives.jar:/Users/jeter/.m2/repository/com/github/fommil/netlib/native_ref-java/1.1/native_ref-java-1.1.jar:/Users/jeter/.m2/repository/com/github/fommil/jniloader/1.1/jniloader-1.1.jar:/Users/jeter/.m2/repository/com/github/fommil/netlib/netlib-native_ref-linux-x86_64/1.1/netlib-native_ref-linux-x86_64-1.1-natives.jar:/Users/jeter/.m2/repository/com/github/fommil/netlib/netlib-native_ref-linux-i686/1.1/netlib-native_ref-linux-i686-1.1-natives.jar:/Users/jeter/.m2/repository/com/github/fommil/netlib/netlib-native_ref-win-x86_64/1.1/netlib-native_ref-win-x86_64-1.1-natives.jar:/Users/jeter/.m2/repository/com/github/fommil/netlib/netlib-native_ref-win-i686/1.1/netlib-native_ref-win-i686-1.1-natives.jar:/Users/jeter/.m2/repository/com/github/fommil/netlib/netlib-native_ref-linux-armhf/1.1/netlib-native_ref-linux-armhf-1.1-natives.jar:/Users/jeter/.m2/repository/com/github/fommil/netlib/netlib-native_system-osx-x86_64/1.1/netlib-native_system-osx-x86_64-1.1-natives.jar:/Users/jeter/.m2/repository/com/github/fommil/netlib/native_system-java/1.1/native_system-java-1.1.jar:/Users/jeter/.m2/repository/com/github/fommil/netlib/netlib-native_system-linux-x86_64/1.1/netlib-native_system-linux-x86_64-1.1-natives.jar:/Users/jeter/.m2/repository/com/github/fommil/netlib/netlib-native_system-linux-i686/1.1/netlib-native_system-linux-i686-1.1-natives.jar:/Users/jeter/.m2/repository/com/github/fommil/netlib/netlib-native_system-linux-armhf/1.1/netlib-native_system-linux-armhf-1.1-natives.jar:/Users/jeter/.m2/repository/com/github/fommil/netlib/netlib-native_system-win-x86_64/1.1/netlib-native_system-win-x86_64-1.1-natives.jar:/Users/jeter/.m2/repository/com/github/fommil/netlib/netlib-native_system-win-i686/1.1/netlib-native_system-win-i686-1.1-natives.jar:/Users/jeter/.m2/repository/net/sourceforge/f2j/arpack_combined_all/0.1/arpack_combined_all-0.1.jar:/Users/jeter/.m2/repository/com/googlecode/netlib-java/netlib-java/1.1/netlib-java-1.1.jar:/Users/jeter/.m2/repository/com/github/fommil/netlib/core/1.1/core-1.1.jar:/Users/jeter/.m2/repository/mysql/mysql-connector-java/8.0.23/mysql-connector-java-8.0.23.jar:/Users/jeter/.m2/repository/org/slf4j/slf4j-simple/2.0.0-alpha1/slf4j-simple-2.0.0-alpha1.jar:/Users/jeter/.m2/repository/commons-collections/commons-collections/3.2.2/commons-collections-3.2.2.jar:/Users/jeter/.m2/repository/org/apache/commons/commons-lang3/3.4/commons-lang3-3.4.jar:/Users/jeter/.m2/repository/nz/ac/waikato/cms/weka/weka-dev/3.9.5/weka-dev-3.9.5.jar:/Users/jeter/.m2/repository/com/github/vbmacher/java-cup/11b-20160615/java-cup-11b-20160615.jar:/Users/jeter/.m2/repository/com/github/vbmacher/java-cup-runtime/11b-20160615/java-cup-runtime-11b-20160615.jar:/Users/jeter/.m2/repository/com/github/fracpete/jfilechooser-bookmarks/0.1.6/jfilechooser-bookmarks-0.1.6.jar:/Users/jeter/.m2/repository/com/github/fracpete/jclipboardhelper/0.1.0/jclipboardhelper-0.1.0.jar:/Users/jeter/.m2/repository/com/sun/istack/istack-commons-runtime/3.0.11/istack-commons-runtime-3.0.11.jar:/Users/jeter/.m2/repository/jakarta/activation/jakarta.activation-api/1.2.2/jakarta.activation-api-1.2.2.jar:/Users/jeter/.m2/repository/org/glassfish/jaxb/jaxb-runtime/2.3.3/jaxb-runtime-2.3.3.jar:/Users/jeter/.m2/repository/org/glassfish/jaxb/txw2/2.3.3/txw2-2.3.3.jar:/Users/jeter/.m2/repository/com/zaxxer/HikariCP/4.0.1/HikariCP-4.0.1.jar:/Users/jeter/.m2/repository/org/slf4j/slf4j-api/2.0.0-alpha1/slf4j-api-2.0.0-alpha1.jar:"/>
    <property name="java.vm.vendor" value="Oracle Corporation"/>
    <property name="sun.arch.data.model" value="64"/>
    <property name="java.vendor.url" value="https://java.oracle.com/"/>
    <property name="os.name" value="Mac OS X"/>
    <property name="java.vm.specification.version" value="12"/>
    <property name="sun.java.launcher" value="SUN_STANDARD"/>
    <property name="user.country" value="TW"/>
    <property name="sun.boot.library.path" value="/Library/Java/JavaVirtualMachines/jdk-12.0.2.jdk/Contents/Home/lib"/>
    <property name="sun.java.command" value="/Users/jeter/Documents/university/碩一/上/實驗室/biomedical_system/tora/target/surefire/surefirebooter18428280895669593173.jar /Users/jeter/Documents/university/碩一/上/實驗室/biomedical_system/tora/target/surefire 2021-03-12T17-00-20_982-jvmRun1 surefire5075522669745665832tmp surefire_06292292852765260210tmp"/>
    <property name="http.nonProxyHosts" value="local|*.local|169.254/16|*.169.254/16"/>
    <property name="jdk.debug" value="release"/>
    <property name="surefire.test.class.path" value="/Users/jeter/Documents/university/碩一/上/實驗室/biomedical_system/tora/target/test-classes:/Users/jeter/Documents/university/碩一/上/實驗室/biomedical_system/tora/target/classes:/Users/jeter/.m2/repository/org/springframework/boot/spring-boot-starter-data-rest/2.4.2/spring-boot-starter-data-rest-2.4.2.jar:/Users/jeter/.m2/repository/org/springframework/boot/spring-boot-starter-web/2.4.2/spring-boot-starter-web-2.4.2.jar:/Users/jeter/.m2/repository/org/springframework/boot/spring-boot-starter-tomcat/2.4.2/spring-boot-starter-tomcat-2.4.2.jar:/Users/jeter/.m2/repository/org/apache/tomcat/embed/tomcat-embed-core/9.0.41/tomcat-embed-core-9.0.41.jar:/Users/jeter/.m2/repository/org/glassfish/jakarta.el/3.0.3/jakarta.el-3.0.3.jar:/Users/jeter/.m2/repository/org/apache/tomcat/embed/tomcat-embed-websocket/9.0.41/tomcat-embed-websocket-9.0.41.jar:/Users/jeter/.m2/repository/org/springframework/spring-webmvc/5.3.3/spring-webmvc-5.3.3.jar:/Users/jeter/.m2/repository/org/springframework/data/spring-data-rest-webmvc/3.4.3/spring-data-rest-webmvc-3.4.3.jar:/Users/jeter/.m2/repository/org/springframework/data/spring-data-rest-core/3.4.3/spring-data-rest-core-3.4.3.jar:/Users/jeter/.m2/repository/org/springframework/hateoas/spring-hateoas/1.2.3/spring-hateoas-1.2.3.jar:/Users/jeter/.m2/repository/org/springframework/plugin/spring-plugin-core/2.0.0.RELEASE/spring-plugin-core-2.0.0.RELEASE.jar:/Users/jeter/.m2/repository/org/atteo/evo-inflector/1.2.2/evo-inflector-1.2.2.jar:/Users/jeter/.m2/repository/com/fasterxml/jackson/core/jackson-databind/2.11.4/jackson-databind-2.11.4.jar:/Users/jeter/.m2/repository/com/fasterxml/jackson/core/jackson-core/2.11.4/jackson-core-2.11.4.jar:/Users/jeter/.m2/repository/com/fasterxml/jackson/core/jackson-annotations/2.11.4/jackson-annotations-2.11.4.jar:/Users/jeter/.m2/repository/org/springframework/boot/spring-boot-starter-web-services/2.4.2/spring-boot-starter-web-services-2.4.2.jar:/Users/jeter/.m2/repository/com/sun/xml/messaging/saaj/saaj-impl/1.5.2/saaj-impl-1.5.2.jar:/Users/jeter/.m2/repository/jakarta/xml/soap/jakarta.xml.soap-api/1.4.2/jakarta.xml.soap-api-1.4.2.jar:/Users/jeter/.m2/repository/org/jvnet/staxex/stax-ex/1.8.3/stax-ex-1.8.3.jar:/Users/jeter/.m2/repository/com/sun/activation/jakarta.activation/1.2.2/jakarta.activation-1.2.2.jar:/Users/jeter/.m2/repository/jakarta/xml/ws/jakarta.xml.ws-api/2.3.3/jakarta.xml.ws-api-2.3.3.jar:/Users/jeter/.m2/repository/jakarta/jws/jakarta.jws-api/2.1.0/jakarta.jws-api-2.1.0.jar:/Users/jeter/.m2/repository/org/springframework/spring-oxm/5.3.3/spring-oxm-5.3.3.jar:/Users/jeter/.m2/repository/org/springframework/spring-beans/5.3.3/spring-beans-5.3.3.jar:/Users/jeter/.m2/repository/org/springframework/ws/spring-ws-core/3.0.10.RELEASE/spring-ws-core-3.0.10.RELEASE.jar:/Users/jeter/.m2/repository/org/springframework/ws/spring-xml/3.0.10.RELEASE/spring-xml-3.0.10.RELEASE.jar:/Users/jeter/.m2/repository/org/springframework/spring-aop/5.3.3/spring-aop-5.3.3.jar:/Users/jeter/.m2/repository/org/springframework/boot/spring-boot-starter-webflux/2.4.2/spring-boot-starter-webflux-2.4.2.jar:/Users/jeter/.m2/repository/org/springframework/boot/spring-boot-starter/2.4.2/spring-boot-starter-2.4.2.jar:/Users/jeter/.m2/repository/org/springframework/boot/spring-boot/2.4.2/spring-boot-2.4.2.jar:/Users/jeter/.m2/repository/org/springframework/boot/spring-boot-autoconfigure/2.4.2/spring-boot-autoconfigure-2.4.2.jar:/Users/jeter/.m2/repository/org/springframework/boot/spring-boot-starter-logging/2.4.2/spring-boot-starter-logging-2.4.2.jar:/Users/jeter/.m2/repository/ch/qos/logback/logback-classic/1.2.3/logback-classic-1.2.3.jar:/Users/jeter/.m2/repository/ch/qos/logback/logback-core/1.2.3/logback-core-1.2.3.jar:/Users/jeter/.m2/repository/org/apache/logging/log4j/log4j-to-slf4j/2.13.3/log4j-to-slf4j-2.13.3.jar:/Users/jeter/.m2/repository/org/apache/logging/log4j/log4j-api/2.13.3/log4j-api-2.13.3.jar:/Users/jeter/.m2/repository/org/slf4j/jul-to-slf4j/1.7.30/jul-to-slf4j-1.7.30.jar:/Users/jeter/.m2/repository/jakarta/annotation/jakarta.annotation-api/1.3.5/jakarta.annotation-api-1.3.5.jar:/Users/jeter/.m2/repository/org/yaml/snakeyaml/1.27/snakeyaml-1.27.jar:/Users/jeter/.m2/repository/org/springframework/boot/spring-boot-starter-json/2.4.2/spring-boot-starter-json-2.4.2.jar:/Users/jeter/.m2/repository/com/fasterxml/jackson/datatype/jackson-datatype-jdk8/2.11.4/jackson-datatype-jdk8-2.11.4.jar:/Users/jeter/.m2/repository/com/fasterxml/jackson/datatype/jackson-datatype-jsr310/2.11.4/jackson-datatype-jsr310-2.11.4.jar:/Users/jeter/.m2/repository/com/fasterxml/jackson/module/jackson-module-parameter-names/2.11.4/jackson-module-parameter-names-2.11.4.jar:/Users/jeter/.m2/repository/org/springframework/boot/spring-boot-starter-reactor-netty/2.4.2/spring-boot-starter-reactor-netty-2.4.2.jar:/Users/jeter/.m2/repository/io/projectreactor/netty/reactor-netty-http/1.0.3/reactor-netty-http-1.0.3.jar:/Users/jeter/.m2/repository/io/netty/netty-codec-http/4.1.58.Final/netty-codec-http-4.1.58.Final.jar:/Users/jeter/.m2/repository/io/netty/netty-common/4.1.58.Final/netty-common-4.1.58.Final.jar:/Users/jeter/.m2/repository/io/netty/netty-buffer/4.1.58.Final/netty-buffer-4.1.58.Final.jar:/Users/jeter/.m2/repository/io/netty/netty-transport/4.1.58.Final/netty-transport-4.1.58.Final.jar:/Users/jeter/.m2/repository/io/netty/netty-codec/4.1.58.Final/netty-codec-4.1.58.Final.jar:/Users/jeter/.m2/repository/io/netty/netty-handler/4.1.58.Final/netty-handler-4.1.58.Final.jar:/Users/jeter/.m2/repository/io/netty/netty-codec-http2/4.1.58.Final/netty-codec-http2-4.1.58.Final.jar:/Users/jeter/.m2/repository/io/netty/netty-resolver-dns/4.1.58.Final/netty-resolver-dns-4.1.58.Final.jar:/Users/jeter/.m2/repository/io/netty/netty-resolver/4.1.58.Final/netty-resolver-4.1.58.Final.jar:/Users/jeter/.m2/repository/io/netty/netty-codec-dns/4.1.58.Final/netty-codec-dns-4.1.58.Final.jar:/Users/jeter/.m2/repository/io/netty/netty-resolver-dns-native-macos/4.1.58.Final/netty-resolver-dns-native-macos-4.1.58.Final-osx-x86_64.jar:/Users/jeter/.m2/repository/io/netty/netty-transport-native-unix-common/4.1.58.Final/netty-transport-native-unix-common-4.1.58.Final.jar:/Users/jeter/.m2/repository/io/netty/netty-transport-native-epoll/4.1.58.Final/netty-transport-native-epoll-4.1.58.Final-linux-x86_64.jar:/Users/jeter/.m2/repository/io/projectreactor/netty/reactor-netty-core/1.0.3/reactor-netty-core-1.0.3.jar:/Users/jeter/.m2/repository/io/netty/netty-handler-proxy/4.1.58.Final/netty-handler-proxy-4.1.58.Final.jar:/Users/jeter/.m2/repository/io/netty/netty-codec-socks/4.1.58.Final/netty-codec-socks-4.1.58.Final.jar:/Users/jeter/.m2/repository/org/springframework/spring-web/5.3.3/spring-web-5.3.3.jar:/Users/jeter/.m2/repository/org/springframework/spring-webflux/5.3.3/spring-webflux-5.3.3.jar:/Users/jeter/.m2/repository/org/projectlombok/lombok/1.18.16/lombok-1.18.16.jar:/Users/jeter/.m2/repository/org/springframework/boot/spring-boot-starter-test/2.4.2/spring-boot-starter-test-2.4.2.jar:/Users/jeter/.m2/repository/org/springframework/boot/spring-boot-test/2.4.2/spring-boot-test-2.4.2.jar:/Users/jeter/.m2/repository/org/springframework/boot/spring-boot-test-autoconfigure/2.4.2/spring-boot-test-autoconfigure-2.4.2.jar:/Users/jeter/.m2/repository/com/jayway/jsonpath/json-path/2.4.0/json-path-2.4.0.jar:/Users/jeter/.m2/repository/net/minidev/json-smart/2.3/json-smart-2.3.jar:/Users/jeter/.m2/repository/net/minidev/accessors-smart/1.2/accessors-smart-1.2.jar:/Users/jeter/.m2/repository/org/ow2/asm/asm/5.0.4/asm-5.0.4.jar:/Users/jeter/.m2/repository/jakarta/xml/bind/jakarta.xml.bind-api/2.3.3/jakarta.xml.bind-api-2.3.3.jar:/Users/jeter/.m2/repository/org/assertj/assertj-core/3.18.1/assertj-core-3.18.1.jar:/Users/jeter/.m2/repository/org/hamcrest/hamcrest/2.2/hamcrest-2.2.jar:/Users/jeter/.m2/repository/org/junit/jupiter/junit-jupiter/5.7.0/junit-jupiter-5.7.0.jar:/Users/jeter/.m2/repository/org/junit/jupiter/junit-jupiter-api/5.7.0/junit-jupiter-api-5.7.0.jar:/Users/jeter/.m2/repository/org/apiguardian/apiguardian-api/1.1.0/apiguardian-api-1.1.0.jar:/Users/jeter/.m2/repository/org/opentest4j/opentest4j/1.2.0/opentest4j-1.2.0.jar:/Users/jeter/.m2/repository/org/junit/platform/junit-platform-commons/1.7.0/junit-platform-commons-1.7.0.jar:/Users/jeter/.m2/repository/org/junit/jupiter/junit-jupiter-params/5.7.0/junit-jupiter-params-5.7.0.jar:/Users/jeter/.m2/repository/org/junit/jupiter/junit-jupiter-engine/5.7.0/junit-jupiter-engine-5.7.0.jar:/Users/jeter/.m2/repository/org/junit/platform/junit-platform-engine/1.7.0/junit-platform-engine-1.7.0.jar:/Users/jeter/.m2/repository/org/mockito/mockito-core/3.6.28/mockito-core-3.6.28.jar:/Users/jeter/.m2/repository/net/bytebuddy/byte-buddy/1.10.19/byte-buddy-1.10.19.jar:/Users/jeter/.m2/repository/net/bytebuddy/byte-buddy-agent/1.10.19/byte-buddy-agent-1.10.19.jar:/Users/jeter/.m2/repository/org/objenesis/objenesis/3.1/objenesis-3.1.jar:/Users/jeter/.m2/repository/org/mockito/mockito-junit-jupiter/3.6.28/mockito-junit-jupiter-3.6.28.jar:/Users/jeter/.m2/repository/org/skyscreamer/jsonassert/1.5.0/jsonassert-1.5.0.jar:/Users/jeter/.m2/repository/com/vaadin/external/google/android-json/0.0.20131108.vaadin1/android-json-0.0.20131108.vaadin1.jar:/Users/jeter/.m2/repository/org/springframework/spring-core/5.3.3/spring-core-5.3.3.jar:/Users/jeter/.m2/repository/org/springframework/spring-jcl/5.3.3/spring-jcl-5.3.3.jar:/Users/jeter/.m2/repository/org/springframework/spring-test/5.3.3/spring-test-5.3.3.jar:/Users/jeter/.m2/repository/org/xmlunit/xmlunit-core/2.7.0/xmlunit-core-2.7.0.jar:/Users/jeter/.m2/repository/io/projectreactor/reactor-test/3.4.2/reactor-test-3.4.2.jar:/Users/jeter/.m2/repository/io/projectreactor/reactor-core/3.4.2/reactor-core-3.4.2.jar:/Users/jeter/.m2/repository/org/reactivestreams/reactive-streams/1.0.3/reactive-streams-1.0.3.jar:/Users/jeter/.m2/repository/org/springframework/boot/spring-boot-starter-data-mongodb/2.4.2/spring-boot-starter-data-mongodb-2.4.2.jar:/Users/jeter/.m2/repository/org/mongodb/mongodb-driver-sync/4.1.1/mongodb-driver-sync-4.1.1.jar:/Users/jeter/.m2/repository/org/mongodb/bson/4.1.1/bson-4.1.1.jar:/Users/jeter/.m2/repository/org/mongodb/mongodb-driver-core/4.1.1/mongodb-driver-core-4.1.1.jar:/Users/jeter/.m2/repository/org/springframework/data/spring-data-mongodb/3.1.3/spring-data-mongodb-3.1.3.jar:/Users/jeter/.m2/repository/org/springframework/spring-tx/5.3.3/spring-tx-5.3.3.jar:/Users/jeter/.m2/repository/org/springframework/spring-context/5.3.3/spring-context-5.3.3.jar:/Users/jeter/.m2/repository/org/springframework/spring-expression/5.3.3/spring-expression-5.3.3.jar:/Users/jeter/.m2/repository/org/springframework/data/spring-data-commons/2.4.3/spring-data-commons-2.4.3.jar:/Users/jeter/.m2/repository/com/zaxxer/HikariCP-java6/2.2.5/HikariCP-java6-2.2.5.jar:/Users/jeter/.m2/repository/org/javassist/javassist/3.18.1-GA/javassist-3.18.1-GA.jar:/Users/jeter/.m2/repository/commons-dbutils/commons-dbutils/1.7/commons-dbutils-1.7.jar:/Users/jeter/.m2/repository/com/google/guava/guava/12.0.1/guava-12.0.1.jar:/Users/jeter/.m2/repository/com/google/code/findbugs/jsr305/1.3.9/jsr305-1.3.9.jar:/Users/jeter/.m2/repository/nz/ac/waikato/cms/weka/weka-stable/3.8.1/weka-stable-3.8.1.jar:/Users/jeter/.m2/repository/nz/ac/waikato/cms/weka/thirdparty/java-cup-11b/2015.03.26/java-cup-11b-2015.03.26.jar:/Users/jeter/.m2/repository/nz/ac/waikato/cms/weka/thirdparty/java-cup-11b-runtime/2015.03.26/java-cup-11b-runtime-2015.03.26.jar:/Users/jeter/.m2/repository/nz/ac/waikato/cms/weka/thirdparty/bounce/0.18/bounce-0.18.jar:/Users/jeter/.m2/repository/com/googlecode/matrix-toolkits-java/mtj/1.0.4/mtj-1.0.4.jar:/Users/jeter/.m2/repository/com/github/fommil/netlib/netlib-native_ref-osx-x86_64/1.1/netlib-native_ref-osx-x86_64-1.1-natives.jar:/Users/jeter/.m2/repository/com/github/fommil/netlib/native_ref-java/1.1/native_ref-java-1.1.jar:/Users/jeter/.m2/repository/com/github/fommil/jniloader/1.1/jniloader-1.1.jar:/Users/jeter/.m2/repository/com/github/fommil/netlib/netlib-native_ref-linux-x86_64/1.1/netlib-native_ref-linux-x86_64-1.1-natives.jar:/Users/jeter/.m2/repository/com/github/fommil/netlib/netlib-native_ref-linux-i686/1.1/netlib-native_ref-linux-i686-1.1-natives.jar:/Users/jeter/.m2/repository/com/github/fommil/netlib/netlib-native_ref-win-x86_64/1.1/netlib-native_ref-win-x86_64-1.1-natives.jar:/Users/jeter/.m2/repository/com/github/fommil/netlib/netlib-native_ref-win-i686/1.1/netlib-native_ref-win-i686-1.1-natives.jar:/Users/jeter/.m2/repository/com/github/fommil/netlib/netlib-native_ref-linux-armhf/1.1/netlib-native_ref-linux-armhf-1.1-natives.jar:/Users/jeter/.m2/repository/com/github/fommil/netlib/netlib-native_system-osx-x86_64/1.1/netlib-native_system-osx-x86_64-1.1-natives.jar:/Users/jeter/.m2/repository/com/github/fommil/netlib/native_system-java/1.1/native_system-java-1.1.jar:/Users/jeter/.m2/repository/com/github/fommil/netlib/netlib-native_system-linux-x86_64/1.1/netlib-native_system-linux-x86_64-1.1-natives.jar:/Users/jeter/.m2/repository/com/github/fommil/netlib/netlib-native_system-linux-i686/1.1/netlib-native_system-linux-i686-1.1-natives.jar:/Users/jeter/.m2/repository/com/github/fommil/netlib/netlib-native_system-linux-armhf/1.1/netlib-native_system-linux-armhf-1.1-natives.jar:/Users/jeter/.m2/repository/com/github/fommil/netlib/netlib-native_system-win-x86_64/1.1/netlib-native_system-win-x86_64-1.1-natives.jar:/Users/jeter/.m2/repository/com/github/fommil/netlib/netlib-native_system-win-i686/1.1/netlib-native_system-win-i686-1.1-natives.jar:/Users/jeter/.m2/repository/net/sourceforge/f2j/arpack_combined_all/0.1/arpack_combined_all-0.1.jar:/Users/jeter/.m2/repository/com/googlecode/netlib-java/netlib-java/1.1/netlib-java-1.1.jar:/Users/jeter/.m2/repository/com/github/fommil/netlib/core/1.1/core-1.1.jar:/Users/jeter/.m2/repository/mysql/mysql-connector-java/8.0.23/mysql-connector-java-8.0.23.jar:/Users/jeter/.m2/repository/org/slf4j/slf4j-simple/2.0.0-alpha1/slf4j-simple-2.0.0-alpha1.jar:/Users/jeter/.m2/repository/commons-collections/commons-collections/3.2.2/commons-collections-3.2.2.jar:/Users/jeter/.m2/repository/org/apache/commons/commons-lang3/3.4/commons-lang3-3.4.jar:/Users/jeter/.m2/repository/nz/ac/waikato/cms/weka/weka-dev/3.9.5/weka-dev-3.9.5.jar:/Users/jeter/.m2/repository/com/github/vbmacher/java-cup/11b-20160615/java-cup-11b-20160615.jar:/Users/jeter/.m2/repository/com/github/vbmacher/java-cup-runtime/11b-20160615/java-cup-runtime-11b-20160615.jar:/Users/jeter/.m2/repository/com/github/fracpete/jfilechooser-bookmarks/0.1.6/jfilechooser-bookmarks-0.1.6.jar:/Users/jeter/.m2/repository/com/github/fracpete/jclipboardhelper/0.1.0/jclipboardhelper-0.1.0.jar:/Users/jeter/.m2/repository/com/sun/istack/istack-commons-runtime/3.0.11/istack-commons-runtime-3.0.11.jar:/Users/jeter/.m2/repository/jakarta/activation/jakarta.activation-api/1.2.2/jakarta.activation-api-1.2.2.jar:/Users/jeter/.m2/repository/org/glassfish/jaxb/jaxb-runtime/2.3.3/jaxb-runtime-2.3.3.jar:/Users/jeter/.m2/repository/org/glassfish/jaxb/txw2/2.3.3/txw2-2.3.3.jar:/Users/jeter/.m2/repository/com/zaxxer/HikariCP/4.0.1/HikariCP-4.0.1.jar:/Users/jeter/.m2/repository/org/slf4j/slf4j-api/2.0.0-alpha1/slf4j-api-2.0.0-alpha1.jar:"/>
    <property name="sun.cpu.endian" value="little"/>
    <property name="user.home" value="/Users/jeter"/>
    <property name="user.language" value="zh"/>
    <property name="java.specification.vendor" value="Oracle Corporation"/>
    <property name="java.version.date" value="2019-07-16"/>
    <property name="java.home" value="/Library/Java/JavaVirtualMachines/jdk-12.0.2.jdk/Contents/Home"/>
    <property name="file.separator" value="/"/>
    <property name="basedir" value="/Users/jeter/Documents/university/碩一/上/實驗室/biomedical_system/tora"/>
    <property name="java.vm.compressedOopsMode" value="Zero based"/>
    <property name="line.separator" value="&#10;"/>
    <property name="java.vm.specification.vendor" value="Oracle Corporation"/>
    <property name="java.specification.name" value="Java Platform API Specification"/>
    <property name="java.awt.graphicsenv" value="sun.awt.CGraphicsEnvironment"/>
    <property name="surefire.real.class.path" value="/Users/jeter/Documents/university/碩一/上/實驗室/biomedical_system/tora/target/surefire/surefirebooter18428280895669593173.jar"/>
    <property name="user.script" value="Hant"/>
    <property name="sun.management.compiler" value="HotSpot 64-Bit Tiered Compilers"/>
    <property name="ftp.nonProxyHosts" value="local|*.local|169.254/16|*.169.254/16"/>
    <property name="java.runtime.version" value="12.0.2+10"/>
    <property name="user.name" value="jeter"/>
    <property name="path.separator" value=":"/>
    <property name="os.version" value="10.16"/>
    <property name="java.runtime.name" value="Java(TM) SE Runtime Environment"/>
    <property name="file.encoding" value="UTF-8"/>
    <property name="java.vm.name" value="Java HotSpot(TM) 64-Bit Server VM"/>
    <property name="localRepository" value="/Users/jeter/.m2/repository"/>
    <property name="java.vendor.url.bug" value="https://bugreport.java.com/bugreport/"/>
    <property name="java.io.tmpdir" value="/var/folders/d_/16g16ptj10l9ngt0fr33x8t40000gn/T/"/>
    <property name="idea.version" value="2020.3.2"/>
    <property name="java.version" value="12.0.2"/>
    <property name="user.dir" value="/Users/jeter/Documents/university/碩一/上/實驗室/biomedical_system/tora"/>
    <property name="os.arch" value="x86_64"/>
    <property name="java.vm.specification.name" value="Java Virtual Machine Specification"/>
    <property name="java.library.path" value="/Users/jeter/Library/Java/Extensions:/Library/Java/Extensions:/Network/Library/Java/Extensions:/System/Library/Java/Extensions:/usr/lib/java:."/>
    <property name="java.vm.info" value="mixed mode, sharing"/>
    <property name="java.vendor" value="Oracle Corporation"/>
    <property name="java.vm.version" value="12.0.2+10"/>
    <property name="sun.io.unicode.encoding" value="UnicodeBig"/>
    <property name="socksNonProxyHosts" value="local|*.local|169.254/16|*.169.254/16"/>
    <property name="java.class.version" value="56.0"/>
  </properties>
  <testcase name="contextLoads" classname="com.example.demo.ToraApplicationTests" time="0.684"/>
</testsuite>